2023-10-04 16:01:28,380 p=4021 u=debian n=ansible | PLAY [install ISP] *************************************************************************************************************************************************************************************************************************
2023-10-04 16:01:28,402 p=4021 u=debian n=ansible | TASK [Gathering Facts] *********************************************************************************************************************************************************************************************************************
2023-10-04 16:01:30,594 p=4021 u=debian n=ansible | ok: [localhost]
2023-10-04 16:01:30,621 p=4021 u=debian n=ansible | TASK [Edit file systemd-network] ***********************************************************************************************************************************************************************************************************
2023-10-04 16:01:31,623 p=4021 u=debian n=ansible | changed: [localhost]
2023-10-04 16:01:31,634 p=4021 u=debian n=ansible | TASK [Add net.ipv4.ip_forward = 1] *********************************************************************************************************************************************************************************************************
2023-10-04 16:01:32,183 p=4021 u=debian n=ansible | changed: [localhost]
2023-10-04 16:01:32,194 p=4021 u=debian n=ansible | TASK [Install "iptables-persistent from repository" package] *******************************************************************************************************************************************************************************
2023-10-04 16:01:44,319 p=4021 u=debian n=ansible | changed: [localhost]
2023-10-04 16:01:44,333 p=4021 u=debian n=ansible | TASK [Add config iptables nat] *************************************************************************************************************************************************************************************************************
2023-10-04 16:01:44,634 p=4021 u=debian n=ansible | An exception occurred during task execution. To see the full traceback, use -vvv. The error was: If you are using a module and expect the file to exist on the remote, see the remote_src option
2023-10-04 16:01:44,635 p=4021 u=debian n=ansible | fatal: [localhost]: FAILED! => {"changed": false, "msg": "Could not find or access './iptables.j2'\nSearched in:\n\t/home/debian/ansible_prod/00_ISP/templates/./iptables.j2\n\t/home/debian/ansible_prod/00_ISP/./iptables.j2\n\t/home/debian/ansible_prod/00_ISP/templates/./iptables.j2\n\t/home/debian/ansible_prod/00_ISP/./iptables.j2 on the Ansible Controller.\nIf you are using a module and expect the file to exist on the remote, see the remote_src option"}
2023-10-04 16:01:44,638 p=4021 u=debian n=ansible | PLAY RECAP *********************************************************************************************************************************************************************************************************************************
2023-10-04 16:01:44,638 p=4021 u=debian n=ansible | localhost                  : ok=4    changed=3    unreachable=0    failed=1    skipped=0    rescued=0    ignored=0   
2023-10-04 16:04:06,374 p=4394 u=debian n=ansible | PLAY [install ISP] *************************************************************************************************************************************************************************************************************************
2023-10-04 16:04:06,395 p=4394 u=debian n=ansible | TASK [Gathering Facts] *********************************************************************************************************************************************************************************************************************
2023-10-04 16:04:08,673 p=4394 u=debian n=ansible | ok: [localhost]
2023-10-04 16:04:08,700 p=4394 u=debian n=ansible | TASK [Edit file systemd-network] ***********************************************************************************************************************************************************************************************************
2023-10-04 16:04:09,815 p=4394 u=debian n=ansible | ok: [localhost]
2023-10-04 16:04:09,827 p=4394 u=debian n=ansible | TASK [Add net.ipv4.ip_forward = 1] *********************************************************************************************************************************************************************************************************
2023-10-04 16:04:10,350 p=4394 u=debian n=ansible | ok: [localhost]
2023-10-04 16:04:10,390 p=4394 u=debian n=ansible | TASK [Install "iptables-persistent from repository" package] *******************************************************************************************************************************************************************************
2023-10-04 16:04:12,111 p=4394 u=debian n=ansible | ok: [localhost]
2023-10-04 16:04:12,121 p=4394 u=debian n=ansible | TASK [Add config iptables nat] *************************************************************************************************************************************************************************************************************
2023-10-04 16:04:12,178 p=4394 u=debian n=ansible | An exception occurred during task execution. To see the full traceback, use -vvv. The error was: If you are using a module and expect the file to exist on the remote, see the remote_src option
2023-10-04 16:04:12,179 p=4394 u=debian n=ansible | fatal: [localhost]: FAILED! => {"changed": false, "msg": "Could not find or access './config/rules.v4'\nSearched in:\n\t/home/debian/ansible_prod/00_ISP/templates/./config/rules.v4\n\t/home/debian/ansible_prod/00_ISP/./config/rules.v4\n\t/home/debian/ansible_prod/00_ISP/templates/./config/rules.v4\n\t/home/debian/ansible_prod/00_ISP/./config/rules.v4 on the Ansible Controller.\nIf you are using a module and expect the file to exist on the remote, see the remote_src option"}
2023-10-04 16:04:12,184 p=4394 u=debian n=ansible | PLAY RECAP *********************************************************************************************************************************************************************************************************************************
2023-10-04 16:04:12,185 p=4394 u=debian n=ansible | localhost                  : ok=4    changed=0    unreachable=0    failed=1    skipped=0    rescued=0    ignored=0   
2023-10-04 16:04:38,634 p=4543 u=debian n=ansible | PLAY [install ISP] *************************************************************************************************************************************************************************************************************************
2023-10-04 16:04:38,649 p=4543 u=debian n=ansible | TASK [Gathering Facts] *********************************************************************************************************************************************************************************************************************
2023-10-04 16:04:40,177 p=4543 u=debian n=ansible | ok: [localhost]
2023-10-04 16:04:40,204 p=4543 u=debian n=ansible | TASK [Edit file systemd-network] ***********************************************************************************************************************************************************************************************************
2023-10-04 16:04:41,255 p=4543 u=debian n=ansible | ok: [localhost]
2023-10-04 16:04:41,267 p=4543 u=debian n=ansible | TASK [Add net.ipv4.ip_forward = 1] *********************************************************************************************************************************************************************************************************
2023-10-04 16:04:41,818 p=4543 u=debian n=ansible | ok: [localhost]
2023-10-04 16:04:41,835 p=4543 u=debian n=ansible | TASK [Install "iptables-persistent from repository" package] *******************************************************************************************************************************************************************************
2023-10-04 16:04:43,387 p=4543 u=debian n=ansible | ok: [localhost]
2023-10-04 16:04:43,401 p=4543 u=debian n=ansible | TASK [Add config iptables nat] *************************************************************************************************************************************************************************************************************
2023-10-04 16:04:44,269 p=4543 u=debian n=ansible | changed: [localhost]
2023-10-04 16:04:44,295 p=4543 u=debian n=ansible | RUNNING HANDLER [Restart iptables-presistent] **********************************************************************************************************************************************************************************************
2023-10-04 16:04:45,295 p=4543 u=debian n=ansible | fatal: [localhost]: FAILED! => {"changed": false, "msg": "Could not find the requested service iptables-presistent: host"}
2023-10-04 16:04:45,297 p=4543 u=debian n=ansible | PLAY RECAP *********************************************************************************************************************************************************************************************************************************
2023-10-04 16:04:45,298 p=4543 u=debian n=ansible | localhost                  : ok=5    changed=1    unreachable=0    failed=1    skipped=0    rescued=0    ignored=0   
2023-10-04 16:06:36,163 p=4776 u=debian n=ansible | PLAY [install ISP] *************************************************************************************************************************************************************************************************************************
2023-10-04 16:06:36,182 p=4776 u=debian n=ansible | TASK [Gathering Facts] *********************************************************************************************************************************************************************************************************************
2023-10-04 16:06:38,157 p=4776 u=debian n=ansible | ok: [localhost]
2023-10-04 16:06:38,185 p=4776 u=debian n=ansible | TASK [Edit file systemd-network] ***********************************************************************************************************************************************************************************************************
2023-10-04 16:06:39,222 p=4776 u=debian n=ansible | ok: [localhost]
2023-10-04 16:06:39,236 p=4776 u=debian n=ansible | TASK [Add net.ipv4.ip_forward = 1] *********************************************************************************************************************************************************************************************************
2023-10-04 16:06:39,775 p=4776 u=debian n=ansible | ok: [localhost]
2023-10-04 16:06:39,790 p=4776 u=debian n=ansible | TASK [Install "iptables-persistent from repository" package] *******************************************************************************************************************************************************************************
2023-10-04 16:06:41,403 p=4776 u=debian n=ansible | ok: [localhost]
2023-10-04 16:06:41,417 p=4776 u=debian n=ansible | TASK [Add config iptables nat] *************************************************************************************************************************************************************************************************************
2023-10-04 16:06:42,074 p=4776 u=debian n=ansible | ok: [localhost]
2023-10-04 16:06:42,110 p=4776 u=debian n=ansible | PLAY RECAP *********************************************************************************************************************************************************************************************************************************
2023-10-04 16:06:42,111 p=4776 u=debian n=ansible | localhost                  : ok=5    changed=0    unreachable=0    failed=0    skipped=0    rescued=0    ignored=0   
2023-10-05 07:15:29,710 p=5820 u=debian n=ansible | PLAY [install ISP] *************************************************************
2023-10-05 07:15:29,741 p=5820 u=debian n=ansible | TASK [Gathering Facts] *********************************************************
2023-10-05 07:15:32,104 p=5820 u=debian n=ansible | ok: [localhost]
2023-10-05 07:15:32,135 p=5820 u=debian n=ansible | TASK [Edit file systemd-network] ***********************************************
2023-10-05 07:15:33,444 p=5820 u=debian n=ansible | changed: [localhost]
2023-10-05 07:15:33,466 p=5820 u=debian n=ansible | TASK [Add net.ipv4.ip_forward = 1] *********************************************
2023-10-05 07:15:34,052 p=5820 u=debian n=ansible | ok: [localhost]
2023-10-05 07:15:34,073 p=5820 u=debian n=ansible | TASK [Install "iptables-persistent from repository" package] *******************
2023-10-05 07:15:35,572 p=5820 u=debian n=ansible | ok: [localhost]
2023-10-05 07:15:35,590 p=5820 u=debian n=ansible | TASK [Add config iptables nat] *************************************************
2023-10-05 07:15:37,176 p=5820 u=debian n=ansible | ok: [localhost]
2023-10-05 07:15:37,220 p=5820 u=debian n=ansible | PLAY RECAP *********************************************************************
2023-10-05 07:15:37,229 p=5820 u=debian n=ansible | localhost                  : ok=5    changed=1    unreachable=0    failed=0    skipped=0    rescued=0    ignored=0   
2023-10-05 07:33:21,822 p=534 u=debian n=ansible | PLAY [install ISP] *************************************************************************************************************************************************************************************************************************
2023-10-05 07:33:21,851 p=534 u=debian n=ansible | TASK [Gathering Facts] *********************************************************************************************************************************************************************************************************************
2023-10-05 07:33:24,464 p=534 u=debian n=ansible | ok: [localhost]
2023-10-05 07:33:24,492 p=534 u=debian n=ansible | TASK [Edit file systemd-network ens4] ******************************************************************************************************************************************************************************************************
2023-10-05 07:33:25,602 p=534 u=debian n=ansible | changed: [localhost]
2023-10-05 07:33:25,616 p=534 u=debian n=ansible | TASK [Edit file systemd-network ens6] ******************************************************************************************************************************************************************************************************
2023-10-05 07:33:26,508 p=534 u=debian n=ansible | ok: [localhost]
2023-10-05 07:33:26,520 p=534 u=debian n=ansible | TASK [Add net.ipv4.ip_forward = 1] *********************************************************************************************************************************************************************************************************
2023-10-05 07:33:26,993 p=534 u=debian n=ansible | ok: [localhost]
2023-10-05 07:33:27,003 p=534 u=debian n=ansible | TASK [Install "iptables-persistent from repository" package] *******************************************************************************************************************************************************************************
2023-10-05 07:33:29,655 p=534 u=debian n=ansible | ok: [localhost]
2023-10-05 07:33:29,666 p=534 u=debian n=ansible | TASK [Add config iptables nat] *************************************************************************************************************************************************************************************************************
2023-10-05 07:33:30,314 p=534 u=debian n=ansible | ok: [localhost]
2023-10-05 07:33:30,347 p=534 u=debian n=ansible | PLAY RECAP *********************************************************************************************************************************************************************************************************************************
2023-10-05 07:33:30,348 p=534 u=debian n=ansible | localhost                  : ok=6    changed=1    unreachable=0    failed=0    skipped=0    rescued=0    ignored=0   
2023-10-05 07:54:32,362 p=584 u=debian n=ansible | PLAY [install ISP] *************************************************************************************************************************************************************************************************************************
2023-10-05 07:54:32,396 p=584 u=debian n=ansible | TASK [Gathering Facts] *********************************************************************************************************************************************************************************************************************
2023-10-05 07:54:35,253 p=584 u=debian n=ansible | ok: [localhost]
2023-10-05 07:54:35,279 p=584 u=debian n=ansible | TASK [Edit file systemd-network ens4] ******************************************************************************************************************************************************************************************************
2023-10-05 07:54:36,596 p=584 u=debian n=ansible | ok: [localhost]
2023-10-05 07:54:36,607 p=584 u=debian n=ansible | TASK [Edit file systemd-network ens6] ******************************************************************************************************************************************************************************************************
2023-10-05 07:54:37,607 p=584 u=debian n=ansible | changed: [localhost]
2023-10-05 07:54:37,620 p=584 u=debian n=ansible | TASK [Add net.ipv4.ip_forward = 1] *********************************************************************************************************************************************************************************************************
2023-10-05 07:54:38,132 p=584 u=debian n=ansible | ok: [localhost]
2023-10-05 07:54:38,143 p=584 u=debian n=ansible | TASK [Install "iptables-persistent from repository" package] *******************************************************************************************************************************************************************************
2023-10-05 07:54:40,476 p=584 u=debian n=ansible | ok: [localhost]
2023-10-05 07:54:40,490 p=584 u=debian n=ansible | TASK [Install "dnsmasq from repository" package] *******************************************************************************************************************************************************************************************
2023-10-05 07:54:54,688 p=584 u=debian n=ansible | changed: [localhost]
2023-10-05 07:54:54,703 p=584 u=debian n=ansible | TASK [Add config iptables nat] *************************************************************************************************************************************************************************************************************
2023-10-05 07:54:55,546 p=584 u=debian n=ansible | ok: [localhost]
2023-10-05 07:54:55,592 p=584 u=debian n=ansible | PLAY RECAP *********************************************************************************************************************************************************************************************************************************
2023-10-05 07:54:55,593 p=584 u=debian n=ansible | localhost                  : ok=7    changed=2    unreachable=0    failed=0    skipped=0    rescued=0    ignored=0   
2023-10-05 08:31:47,350 p=1137 u=debian n=ansible | PLAY [install ISP] *************************************************************************************************************************************************************************************************************************
2023-10-05 08:31:47,374 p=1137 u=debian n=ansible | TASK [Gathering Facts] *********************************************************************************************************************************************************************************************************************
2023-10-05 08:31:49,847 p=1137 u=debian n=ansible | ok: [localhost]
2023-10-05 08:31:49,874 p=1137 u=debian n=ansible | TASK [Edit file systemd-network ens4] ******************************************************************************************************************************************************************************************************
2023-10-05 08:31:51,001 p=1137 u=debian n=ansible | ok: [localhost]
2023-10-05 08:31:51,015 p=1137 u=debian n=ansible | TASK [Edit file systemd-network ens6] ******************************************************************************************************************************************************************************************************
2023-10-05 08:31:51,717 p=1137 u=debian n=ansible | ok: [localhost]
2023-10-05 08:31:51,731 p=1137 u=debian n=ansible | TASK [Add net.ipv4.ip_forward = 1] *********************************************************************************************************************************************************************************************************
2023-10-05 08:31:52,228 p=1137 u=debian n=ansible | ok: [localhost]
2023-10-05 08:31:52,241 p=1137 u=debian n=ansible | TASK [Install "iptables-persistent from repository" package] *******************************************************************************************************************************************************************************
2023-10-05 08:31:54,456 p=1137 u=debian n=ansible | ok: [localhost]
2023-10-05 08:31:54,469 p=1137 u=debian n=ansible | TASK [Install "dnsmasq from repository" package] *******************************************************************************************************************************************************************************************
2023-10-05 08:31:55,536 p=1137 u=debian n=ansible | ok: [localhost]
2023-10-05 08:31:55,550 p=1137 u=debian n=ansible | TASK [Add config iptables nat] *************************************************************************************************************************************************************************************************************
2023-10-05 08:31:56,204 p=1137 u=debian n=ansible | ok: [localhost]
2023-10-05 08:31:56,215 p=1137 u=debian n=ansible | TASK [Add config dnsmasq] ******************************************************************************************************************************************************************************************************************
2023-10-05 08:31:57,121 p=1137 u=debian n=ansible | changed: [localhost]
2023-10-05 08:31:57,149 p=1137 u=debian n=ansible | RUNNING HANDLER [Restart dnsmasq] **********************************************************************************************************************************************************************************************************
2023-10-05 08:31:58,281 p=1137 u=debian n=ansible | fatal: [localhost]: FAILED! => {"changed": false, "msg": "Unable to start service dnsmasq: Job for dnsmasq.service failed because the control process exited with error code.\nSee \"systemctl status dnsmasq.service\" and \"journalctl -xeu dnsmasq.service\" for details.\n"}
2023-10-05 08:31:58,283 p=1137 u=debian n=ansible | PLAY RECAP *********************************************************************************************************************************************************************************************************************************
2023-10-05 08:31:58,283 p=1137 u=debian n=ansible | localhost                  : ok=8    changed=1    unreachable=0    failed=1    skipped=0    rescued=0    ignored=0   
2023-10-05 08:33:43,674 p=1431 u=debian n=ansible | PLAY [install ISP] *************************************************************************************************************************************************************************************************************************
2023-10-05 08:33:43,692 p=1431 u=debian n=ansible | TASK [Gathering Facts] *********************************************************************************************************************************************************************************************************************
2023-10-05 08:33:45,546 p=1431 u=debian n=ansible | ok: [localhost]
2023-10-05 08:33:45,570 p=1431 u=debian n=ansible | TASK [Edit file systemd-network ens4] ******************************************************************************************************************************************************************************************************
2023-10-05 08:33:46,644 p=1431 u=debian n=ansible | ok: [localhost]
2023-10-05 08:33:46,656 p=1431 u=debian n=ansible | TASK [Edit file systemd-network ens6] ******************************************************************************************************************************************************************************************************
2023-10-05 08:33:47,328 p=1431 u=debian n=ansible | ok: [localhost]
2023-10-05 08:33:47,342 p=1431 u=debian n=ansible | TASK [Add net.ipv4.ip_forward = 1] *********************************************************************************************************************************************************************************************************
2023-10-05 08:33:47,910 p=1431 u=debian n=ansible | ok: [localhost]
2023-10-05 08:33:47,923 p=1431 u=debian n=ansible | TASK [Install "iptables-persistent from repository" package] *******************************************************************************************************************************************************************************
2023-10-05 08:33:49,469 p=1431 u=debian n=ansible | ok: [localhost]
2023-10-05 08:33:49,481 p=1431 u=debian n=ansible | TASK [Install "dnsmasq from repository" package] *******************************************************************************************************************************************************************************************
2023-10-05 08:33:50,677 p=1431 u=debian n=ansible | ok: [localhost]
2023-10-05 08:33:50,689 p=1431 u=debian n=ansible | TASK [Add config iptables nat] *************************************************************************************************************************************************************************************************************
2023-10-05 08:33:51,412 p=1431 u=debian n=ansible | ok: [localhost]
2023-10-05 08:33:51,421 p=1431 u=debian n=ansible | TASK [Add config dnsmasq] ******************************************************************************************************************************************************************************************************************
2023-10-05 08:33:52,116 p=1431 u=debian n=ansible | ok: [localhost]
2023-10-05 08:33:52,150 p=1431 u=debian n=ansible | PLAY RECAP *********************************************************************************************************************************************************************************************************************************
2023-10-05 08:33:52,151 p=1431 u=debian n=ansible | localhost                  : ok=8    changed=0    unreachable=0    failed=0    skipped=0    rescued=0    ignored=0   
2023-10-05 08:49:21,944 p=1715 u=debian n=ansible | PLAY [install ISP] ****************************************************************************************************************************************
2023-10-05 08:49:21,962 p=1715 u=debian n=ansible | TASK [Gathering Facts] ************************************************************************************************************************************
2023-10-05 08:49:23,990 p=1715 u=debian n=ansible | ok: [localhost]
2023-10-05 08:49:24,016 p=1715 u=debian n=ansible | TASK [Edit file systemd-network ens4] *********************************************************************************************************************
2023-10-05 08:49:25,040 p=1715 u=debian n=ansible | ok: [localhost]
2023-10-05 08:49:25,054 p=1715 u=debian n=ansible | TASK [Edit file systemd-network ens6] *********************************************************************************************************************
2023-10-05 08:49:25,691 p=1715 u=debian n=ansible | ok: [localhost]
2023-10-05 08:49:25,704 p=1715 u=debian n=ansible | TASK [Add net.ipv4.ip_forward = 1] ************************************************************************************************************************
2023-10-05 08:49:26,260 p=1715 u=debian n=ansible | ok: [localhost]
2023-10-05 08:49:26,274 p=1715 u=debian n=ansible | TASK [Install "iptables-persistent from repository" package] **********************************************************************************************
2023-10-05 08:49:27,719 p=1715 u=debian n=ansible | ok: [localhost]
2023-10-05 08:49:27,734 p=1715 u=debian n=ansible | TASK [Install "dnsmasq from repository" package] **********************************************************************************************************
2023-10-05 08:49:28,880 p=1715 u=debian n=ansible | ok: [localhost]
2023-10-05 08:49:28,893 p=1715 u=debian n=ansible | TASK [Add config iptables nat] ****************************************************************************************************************************
2023-10-05 08:49:29,556 p=1715 u=debian n=ansible | ok: [localhost]
2023-10-05 08:49:29,569 p=1715 u=debian n=ansible | TASK [Add config dnsmasq] *********************************************************************************************************************************
2023-10-05 08:49:30,452 p=1715 u=debian n=ansible | changed: [localhost]
2023-10-05 08:49:30,482 p=1715 u=debian n=ansible | RUNNING HANDLER [Restart dnsmasq] *************************************************************************************************************************
2023-10-05 08:49:31,592 p=1715 u=debian n=ansible | fatal: [localhost]: FAILED! => {"changed": false, "msg": "Unable to start service dnsmasq: Job for dnsmasq.service failed because the control process exited with error code.\nSee \"systemctl status dnsmasq.service\" and \"journalctl -xeu dnsmasq.service\" for details.\n"}
2023-10-05 08:49:31,596 p=1715 u=debian n=ansible | PLAY RECAP ************************************************************************************************************************************************
2023-10-05 08:49:31,597 p=1715 u=debian n=ansible | localhost                  : ok=8    changed=1    unreachable=0    failed=1    skipped=0    rescued=0    ignored=0   
2023-10-05 08:55:56,040 p=2011 u=debian n=ansible | PLAY [install ISP] ****************************************************************************************************************************************
2023-10-05 08:55:56,059 p=2011 u=debian n=ansible | TASK [Gathering Facts] ************************************************************************************************************************************
2023-10-05 08:55:57,860 p=2011 u=debian n=ansible | ok: [localhost]
2023-10-05 08:55:57,888 p=2011 u=debian n=ansible | TASK [Edit file systemd-network ens4] *********************************************************************************************************************
2023-10-05 08:55:58,924 p=2011 u=debian n=ansible | ok: [localhost]
2023-10-05 08:55:58,936 p=2011 u=debian n=ansible | TASK [Edit file systemd-network ens6] *********************************************************************************************************************
2023-10-05 08:55:59,591 p=2011 u=debian n=ansible | ok: [localhost]
2023-10-05 08:55:59,605 p=2011 u=debian n=ansible | TASK [Add net.ipv4.ip_forward = 1] ************************************************************************************************************************
2023-10-05 08:56:00,158 p=2011 u=debian n=ansible | ok: [localhost]
2023-10-05 08:56:00,171 p=2011 u=debian n=ansible | TASK [Install "iptables-persistent from repository" package] **********************************************************************************************
2023-10-05 08:56:01,639 p=2011 u=debian n=ansible | ok: [localhost]
2023-10-05 08:56:01,653 p=2011 u=debian n=ansible | TASK [Install "dnsmasq from repository" package] **********************************************************************************************************
2023-10-05 08:56:02,823 p=2011 u=debian n=ansible | ok: [localhost]
2023-10-05 08:56:02,836 p=2011 u=debian n=ansible | TASK [Add config iptables nat] ****************************************************************************************************************************
2023-10-05 08:56:03,492 p=2011 u=debian n=ansible | ok: [localhost]
2023-10-05 08:56:03,501 p=2011 u=debian n=ansible | TASK [Add config dnsmasq] *********************************************************************************************************************************
2023-10-05 08:56:04,156 p=2011 u=debian n=ansible | ok: [localhost]
2023-10-05 08:56:04,169 p=2011 u=debian n=ansible | TASK [Stop service systemd-resolved.service] **************************************************************************************************************
2023-10-05 08:56:05,148 p=2011 u=debian n=ansible | fatal: [localhost]: FAILED! => {"changed": false, "msg": "value of state must be one of: reloaded, restarted, started, stopped, got: stop"}
2023-10-05 08:56:05,152 p=2011 u=debian n=ansible | PLAY RECAP ************************************************************************************************************************************************
2023-10-05 08:56:05,153 p=2011 u=debian n=ansible | localhost                  : ok=8    changed=0    unreachable=0    failed=1    skipped=0    rescued=0    ignored=0   
2023-10-05 08:56:51,084 p=2261 u=debian n=ansible | PLAY [install ISP] ****************************************************************************************************************************************
2023-10-05 08:56:51,106 p=2261 u=debian n=ansible | TASK [Gathering Facts] ************************************************************************************************************************************
2023-10-05 08:56:52,828 p=2261 u=debian n=ansible | ok: [localhost]
2023-10-05 08:56:52,854 p=2261 u=debian n=ansible | TASK [Edit file systemd-network ens4] *********************************************************************************************************************
2023-10-05 08:56:53,868 p=2261 u=debian n=ansible | ok: [localhost]
2023-10-05 08:56:53,880 p=2261 u=debian n=ansible | TASK [Edit file systemd-network ens6] *********************************************************************************************************************
2023-10-05 08:56:54,523 p=2261 u=debian n=ansible | ok: [localhost]
2023-10-05 08:56:54,537 p=2261 u=debian n=ansible | TASK [Add net.ipv4.ip_forward = 1] ************************************************************************************************************************
2023-10-05 08:56:55,100 p=2261 u=debian n=ansible | ok: [localhost]
2023-10-05 08:56:55,114 p=2261 u=debian n=ansible | TASK [Install "iptables-persistent from repository" package] **********************************************************************************************
2023-10-05 08:56:56,544 p=2261 u=debian n=ansible | ok: [localhost]
2023-10-05 08:56:56,556 p=2261 u=debian n=ansible | TASK [Install "dnsmasq from repository" package] **********************************************************************************************************
2023-10-05 08:56:57,676 p=2261 u=debian n=ansible | ok: [localhost]
2023-10-05 08:56:57,691 p=2261 u=debian n=ansible | TASK [Add config iptables nat] ****************************************************************************************************************************
2023-10-05 08:56:58,355 p=2261 u=debian n=ansible | ok: [localhost]
2023-10-05 08:56:58,365 p=2261 u=debian n=ansible | TASK [Add config dnsmasq] *********************************************************************************************************************************
2023-10-05 08:56:59,060 p=2261 u=debian n=ansible | ok: [localhost]
2023-10-05 08:56:59,074 p=2261 u=debian n=ansible | TASK [Stop service systemd-resolved.service] **************************************************************************************************************
2023-10-05 08:57:00,073 p=2261 u=debian n=ansible | fatal: [localhost]: FAILED! => {"changed": false, "msg": "value of state must be one of: reloaded, restarted, started, stopped, got: stop"}
2023-10-05 08:57:00,079 p=2261 u=debian n=ansible | PLAY RECAP ************************************************************************************************************************************************
2023-10-05 08:57:00,080 p=2261 u=debian n=ansible | localhost                  : ok=8    changed=0    unreachable=0    failed=1    skipped=0    rescued=0    ignored=0   
2023-10-05 08:57:55,101 p=2511 u=debian n=ansible | PLAY [install ISP] ****************************************************************************************************************************************
2023-10-05 08:57:55,115 p=2511 u=debian n=ansible | TASK [Gathering Facts] ************************************************************************************************************************************
2023-10-05 08:57:56,570 p=2511 u=debian n=ansible | ok: [localhost]
2023-10-05 08:57:56,595 p=2511 u=debian n=ansible | TASK [Edit file systemd-network ens4] *********************************************************************************************************************
2023-10-05 08:57:57,640 p=2511 u=debian n=ansible | ok: [localhost]
2023-10-05 08:57:57,654 p=2511 u=debian n=ansible | TASK [Edit file systemd-network ens6] *********************************************************************************************************************
2023-10-05 08:57:58,364 p=2511 u=debian n=ansible | ok: [localhost]
2023-10-05 08:57:58,377 p=2511 u=debian n=ansible | TASK [Add net.ipv4.ip_forward = 1] ************************************************************************************************************************
2023-10-05 08:57:58,932 p=2511 u=debian n=ansible | ok: [localhost]
2023-10-05 08:57:58,946 p=2511 u=debian n=ansible | TASK [Install "iptables-persistent from repository" package] **********************************************************************************************
2023-10-05 08:58:00,549 p=2511 u=debian n=ansible | ok: [localhost]
2023-10-05 08:58:00,562 p=2511 u=debian n=ansible | TASK [Install "dnsmasq from repository" package] **********************************************************************************************************
2023-10-05 08:58:01,635 p=2511 u=debian n=ansible | ok: [localhost]
2023-10-05 08:58:01,646 p=2511 u=debian n=ansible | TASK [Add config iptables nat] ****************************************************************************************************************************
2023-10-05 08:58:02,296 p=2511 u=debian n=ansible | ok: [localhost]
2023-10-05 08:58:02,308 p=2511 u=debian n=ansible | TASK [Add config dnsmasq] *********************************************************************************************************************************
2023-10-05 08:58:02,983 p=2511 u=debian n=ansible | ok: [localhost]
2023-10-05 08:58:02,998 p=2511 u=debian n=ansible | TASK [Stop service systemd-resolved.service] **************************************************************************************************************
2023-10-05 08:58:04,080 p=2511 u=debian n=ansible | changed: [localhost]
2023-10-05 08:58:04,092 p=2511 u=debian n=ansible | TASK [Disabled service systemd-resolved.service] **********************************************************************************************************
2023-10-05 08:58:05,448 p=2511 u=debian n=ansible | changed: [localhost]
2023-10-05 08:58:05,482 p=2511 u=debian n=ansible | PLAY RECAP ************************************************************************************************************************************************
2023-10-05 08:58:05,483 p=2511 u=debian n=ansible | localhost                  : ok=10   changed=2    unreachable=0    failed=0    skipped=0    rescued=0    ignored=0   
2023-10-05 08:58:55,376 p=2830 u=debian n=ansible | PLAY [install ISP] ****************************************************************************************************************************************
2023-10-05 08:58:55,390 p=2830 u=debian n=ansible | TASK [Gathering Facts] ************************************************************************************************************************************
2023-10-05 08:58:56,863 p=2830 u=debian n=ansible | ok: [localhost]
2023-10-05 08:58:56,889 p=2830 u=debian n=ansible | TASK [Edit file systemd-network ens4] *********************************************************************************************************************
2023-10-05 08:58:57,899 p=2830 u=debian n=ansible | ok: [localhost]
2023-10-05 08:58:57,914 p=2830 u=debian n=ansible | TASK [Edit file systemd-network ens6] *********************************************************************************************************************
2023-10-05 08:58:58,571 p=2830 u=debian n=ansible | ok: [localhost]
2023-10-05 08:58:58,582 p=2830 u=debian n=ansible | TASK [Add net.ipv4.ip_forward = 1] ************************************************************************************************************************
2023-10-05 08:58:59,136 p=2830 u=debian n=ansible | ok: [localhost]
2023-10-05 08:58:59,147 p=2830 u=debian n=ansible | TASK [Install "iptables-persistent from repository" package] **********************************************************************************************
2023-10-05 08:59:00,538 p=2830 u=debian n=ansible | ok: [localhost]
2023-10-05 08:59:00,552 p=2830 u=debian n=ansible | TASK [Install "dnsmasq from repository" package] **********************************************************************************************************
2023-10-05 08:59:01,636 p=2830 u=debian n=ansible | ok: [localhost]
2023-10-05 08:59:01,646 p=2830 u=debian n=ansible | TASK [Add config iptables nat] ****************************************************************************************************************************
2023-10-05 08:59:02,296 p=2830 u=debian n=ansible | ok: [localhost]
2023-10-05 08:59:02,309 p=2830 u=debian n=ansible | TASK [Add config dnsmasq] *********************************************************************************************************************************
2023-10-05 08:59:03,197 p=2830 u=debian n=ansible | changed: [localhost]
2023-10-05 08:59:03,211 p=2830 u=debian n=ansible | TASK [Stop service systemd-resolved.service] **************************************************************************************************************
2023-10-05 08:59:04,224 p=2830 u=debian n=ansible | ok: [localhost]
2023-10-05 08:59:04,238 p=2830 u=debian n=ansible | TASK [Disabled service systemd-resolved.service] **********************************************************************************************************
2023-10-05 08:59:04,824 p=2830 u=debian n=ansible | ok: [localhost]
2023-10-05 08:59:04,849 p=2830 u=debian n=ansible | RUNNING HANDLER [Restart dnsmasq] *************************************************************************************************************************
2023-10-05 08:59:05,584 p=2830 u=debian n=ansible | changed: [localhost]
2023-10-05 08:59:05,604 p=2830 u=debian n=ansible | PLAY RECAP ************************************************************************************************************************************************
2023-10-05 08:59:05,605 p=2830 u=debian n=ansible | localhost                  : ok=11   changed=2    unreachable=0    failed=0    skipped=0    rescued=0    ignored=0   
